
> full-colombiano-frontend@1.0.0 build-storybook
> storybook build


â”Œ  Building storybook v10.1.11
â”‚
â—‡  Cleaning outputDir: storybook-static
â”‚
â—‡  Loading presets
â”‚
â—‡  Building manager..
â”‚
â—  Building preview..
â”‚  Vite vite v7.3.0 building client environment for production...
â”‚
â—  Storybook collects completely anonymous usage telemetry. We use it to
â”‚  shape Storybook's roadmap and prioritize features. You can learn more,
â”‚  including how to opt out, at ]8;;https://storybook.js.org/telemetryhttps://storybook.js.org/telemetry]8;;
â”‚  Vite transforming...
â”‚
â–²  Vite [plugin vite:esbuild] src/components/store/CategoriesCard.tsx:
â”‚  The JSX import source cannot be set without also enabling React's
â”‚  "automatic" JSX transform
â”‚  1  |  // @ts-nocheck
â”‚  2  |  import React from 'react';// @jsxImportSource react
â”‚  |                                                ^
â”‚  3  |  import { useState, useEffect } from 'react';
â”‚  4  |  import { Card } from "@/components/ui/Card";

â”‚
â–²  Vite [plugin vite:esbuild] src/components/store/PersonalInfoCard.tsx:
â”‚  The JSX import source cannot be set without also enabling React's
â”‚  "automatic" JSX transform
â”‚  1  |  // @ts-nocheck
â”‚  2  |  import React from 'react';// @jsxImportSource react
â”‚  |                                                ^
â”‚  3  |  import { Card } from "@/components/ui/Card";
â”‚  4  |  import { MdPerson } from 'react-icons/md';

â”‚
â–²  Vite [plugin vite:esbuild] src/components/store/StoreMetricsBar.tsx:
â”‚  The JSX import source cannot be set without also enabling React's
â”‚  "automatic" JSX transform
â”‚  1  |  // @ts-nocheck
â”‚  2  |  import React from 'react';// @jsxImportSource react
â”‚  |                                                ^
â”‚  3  |  import { Card } from "@/components/ui/Card";
â”‚  4  |

â”‚
â–²  Vite [plugin vite:esbuild] src/components/store/StoreHero.tsx: The JSX
â”‚  import source cannot be set without also enabling React's "automatic"
â”‚  JSX transform
â”‚  1  |  // @ts-nocheck
â”‚  2  |  import React from 'react';// @jsxImportSource react
â”‚  |                                                ^
â”‚  3  |  import { MdLocationOn, MdPhone, MdEmail, MdEdit, MdStar } from
â”‚  'react-icons/md';
â”‚  4  |  import { copyToClipboard } from "@/utils/helpers";

â”‚
â–²  Vite [plugin vite:esbuild] src/components/store/StoreContactCard.tsx:
â”‚  The JSX import source cannot be set without also enabling React's
â”‚  "automatic" JSX transform
â”‚  1  |  // @ts-nocheck
â”‚  2  |  import React from 'react';// @jsxImportSource react
â”‚  |                                                ^
â”‚  3  |  import { useState } from 'react';
â”‚  4  |  import { Card } from "@/components/ui/Card";

â”‚
â–²  Vite
â”‚  src/components/shared/NetworkStatusIndicator/NetworkStatusIndicator.tsx
â”‚  (1:0): Error when using sourcemap for reporting an error: Can't
â”‚  resolve original location of error.
â”‚
â–²  Vite
â”‚  src/components/shared/NetworkStatusIndicator/NetworkStatusIndicator.tsx
â”‚  (1:0): Module level directives cause errors when bundled, "use client"
â”‚  in
â”‚  "src/components/shared/NetworkStatusIndicator/NetworkStatusIndicator.tsx"
â”‚  was ignored.
â”‚
â–²  Vite src/components/landing/FAQ/FAQ.tsx (1:0): Error when using
â”‚  sourcemap for reporting an error: Can't resolve original location of
â”‚  error.
â”‚
â–²  Vite src/components/landing/FAQ/FAQ.tsx (1:0): Module level directives
â”‚  cause errors when bundled, "use client" in
â”‚  "src/components/landing/FAQ/FAQ.tsx" was ignored.
â”‚
â–²  Vite [plugin vite:esbuild]
â”‚  src/components/store/StoreDescriptionEditor.tsx: The JSX import source
â”‚  cannot be set without also enabling React's "automatic" JSX transform
â”‚  1  |  // @ts-nocheck
â”‚  2  |  import React from 'react';// @jsxImportSource react
â”‚  |                                                ^
â”‚  3  |  import { useState, useRef } from 'react';
â”‚  4  |  import { Card } from "@/components/ui/Card";

â”‚
â–²  Vite src/components/ui/SearchBar/SearchBar.tsx (1:0): Error when using
â”‚  sourcemap for reporting an error: Can't resolve original location of
â”‚  error.
â”‚
â–²  Vite src/components/ui/SearchBar/SearchBar.tsx (1:0): Module level
â”‚  directives cause errors when bundled, "use client" in
â”‚  "src/components/ui/SearchBar/SearchBar.tsx" was ignored.
â”‚
â–²  Vite src/components/shared/HomeRedirect/HomeRedirect.tsx (1:0): Error
â”‚  when using sourcemap for reporting an error: Can't resolve original
â”‚  location of error.
â”‚
â–²  Vite src/components/shared/HomeRedirect/HomeRedirect.tsx (1:0): Module
â”‚  level directives cause errors when bundled, "use client" in
â”‚  "src/components/shared/HomeRedirect/HomeRedirect.tsx" was ignored.
â”‚
â–²  Vite src/components/ui/FilterChips/FilterChips.tsx (1:0): Error when
â”‚  using sourcemap for reporting an error: Can't resolve original
â”‚  location of error.
â”‚
â–²  Vite src/components/ui/FilterChips/FilterChips.tsx (1:0): Module level
â”‚  directives cause errors when bundled, "use client" in
â”‚  "src/components/ui/FilterChips/FilterChips.tsx" was ignored.
â”‚
â–²  Vite
â”‚  src/components/ui/PasswordRequirementsTooltip/PasswordRequirementsTooltip.tsx
â”‚  (1:0): Error when using sourcemap for reporting an error: Can't
â”‚  resolve original location of error.
â”‚
â–²  Vite
â”‚  src/components/ui/PasswordRequirementsTooltip/PasswordRequirementsTooltip.tsx
â”‚  (1:0): Module level directives cause errors when bundled, "use client"
â”‚  in
â”‚  "src/components/ui/PasswordRequirementsTooltip/PasswordRequirementsTooltip.tsx"
â”‚  was ignored.
â”‚
â–²  Vite src/components/ui/FileInput/FileInput.tsx (1:0): Error when using
â”‚  sourcemap for reporting an error: Can't resolve original location of
â”‚  error.
â”‚
â–²  Vite src/components/ui/FileInput/FileInput.tsx (1:0): Module level
â”‚  directives cause errors when bundled, "use client" in
â”‚  "src/components/ui/FileInput/FileInput.tsx" was ignored.
â”‚
â–²  Vite src/components/landing/NewsletterCTA/NewsletterCTA.tsx (1:0):
â”‚  Error when using sourcemap for reporting an error: Can't resolve
â”‚  original location of error.
â”‚
â–²  Vite src/components/landing/NewsletterCTA/NewsletterCTA.tsx (1:0):
â”‚  Module level directives cause errors when bundled, "use client" in
â”‚  "src/components/landing/NewsletterCTA/NewsletterCTA.tsx" was ignored.
â”‚
â–²  Vite src/components/landing/Header/Header.tsx (1:0): Error when using
â”‚  sourcemap for reporting an error: Can't resolve original location of
â”‚  error.
â”‚
â–²  Vite src/components/landing/Header/Header.tsx (1:0): Module level
â”‚  directives cause errors when bundled, "use client" in
â”‚  "src/components/landing/Header/Header.tsx" was ignored.
â”‚
â–²  Vite src/components/landing/Hero/Hero.tsx (1:0): Error when using
â”‚  sourcemap for reporting an error: Can't resolve original location of
â”‚  error.
â”‚
â–²  Vite src/components/landing/Hero/Hero.tsx (1:0): Module level
â”‚  directives cause errors when bundled, "use client" in
â”‚  "src/components/landing/Hero/Hero.tsx" was ignored.
â”‚
â–²  Vite src/components/ui/SortFilter/SortFilter.tsx (1:0): Error when
â”‚  using sourcemap for reporting an error: Can't resolve original
â”‚  location of error.
â”‚
â–²  Vite src/components/ui/SortFilter/SortFilter.tsx (1:0): Module level
â”‚  directives cause errors when bundled, "use client" in
â”‚  "src/components/ui/SortFilter/SortFilter.tsx" was ignored.
â”‚
â–²  Vite src/components/landing/RegisterSection/RegisterSection.tsx (1:0):
â”‚  Error when using sourcemap for reporting an error: Can't resolve
â”‚  original location of error.
â”‚
â–²  Vite src/components/landing/RegisterSection/RegisterSection.tsx (1:0):
â”‚  Module level directives cause errors when bundled, "use client" in
â”‚  "src/components/landing/RegisterSection/RegisterSection.tsx" was
â”‚  ignored.
â”‚
â–²  Vite src/app/(auth)/login/page.tsx (1:0): Error when using sourcemap
â”‚  for reporting an error: Can't resolve original location of error.
â”‚
â–²  Vite src/app/(auth)/login/page.tsx (1:0): Module level directives
â”‚  cause errors when bundled, "use client" in
â”‚  "src/app/(auth)/login/page.tsx" was ignored.
â”‚
â–²  Vite src/components/ui/DashboardHeader/DashboardHeader.tsx (1:0):
â”‚  Error when using sourcemap for reporting an error: Can't resolve
â”‚  original location of error.
â”‚
â–²  Vite src/components/ui/DashboardHeader/DashboardHeader.tsx (1:0):
â”‚  Module level directives cause errors when bundled, "use client" in
â”‚  "src/components/ui/DashboardHeader/DashboardHeader.tsx" was ignored.
â”‚
â–²  Vite src/app/(auth)/reset-password/page.tsx (1:0): Error when using
â”‚  sourcemap for reporting an error: Can't resolve original location of
â”‚  error.
â”‚
â–²  Vite src/app/(auth)/reset-password/page.tsx (1:0): Module level
â”‚  directives cause errors when bundled, "use client" in
â”‚  "src/app/(auth)/reset-password/page.tsx" was ignored.
â”‚
â–²  Vite src/app/(auth)/forgot-password/page.tsx (1:0): Error when using
â”‚  sourcemap for reporting an error: Can't resolve original location of
â”‚  error.
â”‚
â–²  Vite src/app/(auth)/forgot-password/page.tsx (1:0): Module level
â”‚  directives cause errors when bundled, "use client" in
â”‚  "src/app/(auth)/forgot-password/page.tsx" was ignored.
â”‚
â–²  Vite src/components/landing/CategoriesCarousel/CategoriesCarousel.tsx
â”‚  (1:0): Error when using sourcemap for reporting an error: Can't
â”‚  resolve original location of error.
â”‚
â–²  Vite src/components/landing/CategoriesCarousel/CategoriesCarousel.tsx
â”‚  (1:0): Module level directives cause errors when bundled, "use client"
â”‚  in "src/components/landing/CategoriesCarousel/CategoriesCarousel.tsx"
â”‚  was ignored.
â”‚
â–²  Vite node_modules/react-hot-toast/dist/index.mjs (1:0): Module level
â”‚  directives cause errors when bundled, "use client" in
â”‚  "node_modules/react-hot-toast/dist/index.mjs" was ignored.
â”‚
â–²  Vite src/lib/hooks/useStoreCategories.ts (1:0): Error when using
â”‚  sourcemap for reporting an error: Can't resolve original location of
â”‚  error.
â”‚
â–²  Vite src/lib/hooks/useStoreCategories.ts (1:0): Module level
â”‚  directives cause errors when bundled, "use client" in
â”‚  "src/lib/hooks/useStoreCategories.ts" was ignored.
â”‚
â–²  Vite src/lib/hooks/useAuth.ts (1:0): Error when using sourcemap for
â”‚  reporting an error: Can't resolve original location of error.
â”‚
â–²  Vite src/lib/hooks/useAuth.ts (1:0): Module level directives cause
â”‚  errors when bundled, "use client" in "src/lib/hooks/useAuth.ts" was
â”‚  ignored.
â”‚
â–²  Vite src/lib/hooks/useCategorySelector.ts (1:0): Error when using
â”‚  sourcemap for reporting an error: Can't resolve original location of
â”‚  error.
â”‚
â–²  Vite src/lib/hooks/useCategorySelector.ts (1:0): Module level
â”‚  directives cause errors when bundled, "use client" in
â”‚  "src/lib/hooks/useCategorySelector.ts" was ignored.
â”‚
â–²  Vite src/lib/hooks/useFormValidation.ts (1:0): Error when using
â”‚  sourcemap for reporting an error: Can't resolve original location of
â”‚  error.
â”‚
â–²  Vite src/lib/hooks/useFormValidation.ts (1:0): Module level directives
â”‚  cause errors when bundled, "use client" in
â”‚  "src/lib/hooks/useFormValidation.ts" was ignored.
â”‚
â—  Copying static files: public at storybook-static
â”‚  Vite âœ“ 2001 modules transformed.
â”‚
â–   Vite âœ— Build failed in 3.61s
â”‚
â–   Failed to build the preview
â”‚
â–   src/components/auth/seller/juridica/JuridicaSellerFlow.stories.tsx
â”‚  (6:9): "SellerStep1PersonType" is not exported by
â”‚  "src/components/auth/seller/index.ts", imported by
â”‚  "src/components/auth/seller/juridica/JuridicaSellerFlow.stories.tsx".
â”‚  file:
â”‚  ./src/components/auth/seller/juridica/JuridicaSellerFlow.stories.tsx:6:9

â”‚  4: import { useState } from 'react';
â”‚  5: import { Card } from '@/components/ui/Card';
â”‚  6: import { SellerStep1PersonType, SellerStep2StoreInfo } from '../';
â”‚  ^
â”‚  7: import { JuridicaStep2CompanyInfo, JuridicaStep3Representative,
â”‚  JuridicaStep4Credentials } from './';

â”‚  at getRollupError
â”‚  (file://./node_modules/rollup/dist/es/shared/parseAst.js:401:41)
â”‚  at error
â”‚  (file://./node_modules/rollup/dist/es/shared/parseAst.js:397:42)
â”‚  at Module.error
â”‚  (file://./node_modules/rollup/dist/es/shared/node-entry.js:17022:16)
â”‚  at Module.traceVariable
â”‚  (file://./node_modules/rollup/dist/es/shared/node-entry.js:17478:29)
â”‚  at ModuleScope.findVariable
â”‚  (file://./node_modules/rollup/dist/es/shared/node-entry.js:15141:39)
â”‚  at ReturnValueScope.findVariable
â”‚  (file://./node_modules/rollup/dist/es/shared/node-entry.js:5688:38)
â”‚  at FunctionBodyScope.findVariable
â”‚  (file://./node_modules/rollup/dist/es/shared/node-entry.js:5688:38)
â”‚  at ReturnValueScope.findVariable
â”‚  (file://./node_modules/rollup/dist/es/shared/node-entry.js:5688:38)
â”‚  at FunctionBodyScope.findVariable
â”‚  (file://./node_modules/rollup/dist/es/shared/node-entry.js:5688:38)
â”‚  at BlockScope.findVariable
â”‚  (file://./node_modules/rollup/dist/es/shared/node-entry.js:5688:38)
â”‚  at Identifier.bind
â”‚  (file://./node_modules/rollup/dist/es/shared/node-entry.js:5462:40)
â”‚  at CallExpression.bind
â”‚  (file://./node_modules/rollup/dist/es/shared/node-entry.js:2825:28)
â”‚  at CallExpression.bind
â”‚  (file://./node_modules/rollup/dist/es/shared/node-entry.js:12172:15)
â”‚  at ReturnStatement.bind
â”‚  (file://./node_modules/rollup/dist/es/shared/node-entry.js:2829:23)
â”‚  at SwitchCase.bind
â”‚  (file://./node_modules/rollup/dist/es/shared/node-entry.js:2825:28)
â”‚  at SwitchStatement.bind
â”‚  (file://./node_modules/rollup/dist/es/shared/node-entry.js:2825:28)
â”‚  at BlockStatement.bind
â”‚  (file://./node_modules/rollup/dist/es/shared/node-entry.js:2825:28)
â”‚  at ArrowFunctionExpression.bind
â”‚  (file://./node_modules/rollup/dist/es/shared/node-entry.js:2829:23)
â”‚  at VariableDeclarator.bind
â”‚  (file://./node_modules/rollup/dist/es/shared/node-entry.js:2829:23)
â”‚  at VariableDeclaration.bind
â”‚  (file://./node_modules/rollup/dist/es/shared/node-entry.js:2825:28)
â”‚  at BlockStatement.bind
â”‚  (file://./node_modules/rollup/dist/es/shared/node-entry.js:2825:28)
â”‚  at ArrowFunctionExpression.bind
â”‚  (file://./node_modules/rollup/dist/es/shared/node-entry.js:2829:23)
â”‚  at VariableDeclarator.bind
â”‚  (file://./node_modules/rollup/dist/es/shared/node-entry.js:2829:23)
â”‚  at VariableDeclaration.bind
â”‚  (file://./node_modules/rollup/dist/es/shared/node-entry.js:2825:28)
â”‚  at Program.bind
â”‚  (file://./node_modules/rollup/dist/es/shared/node-entry.js:2825:28)
â”‚  at Module.bindReferences
â”‚  (file://./node_modules/rollup/dist/es/shared/node-entry.js:17001:18)
â”‚  at Graph.sortModules
â”‚  (file://./node_modules/rollup/dist/es/shared/node-entry.js:22817:20)
â”‚  at Graph.build
â”‚  (file://./node_modules/rollup/dist/es/shared/node-entry.js:22715:14)
â”‚  at async
â”‚  file://./node_modules/rollup/dist/es/shared/node-entry.js:23406:13
â”‚  at async catchUnfinishedHookActions
â”‚  (file://./node_modules/rollup/dist/es/shared/node-entry.js:22876:16)
â”‚  at async rollupInternal
â”‚  (file://./node_modules/rollup/dist/es/shared/node-entry.js:23401:5)
â”‚  at async buildEnvironment
â”‚  (file://./node_modules/vite/dist/node/chunks/config.js:33540:12)
â”‚  at async Object.build
â”‚  (file://./node_modules/vite/dist/node/chunks/config.js:33899:19)
â”‚  at async build
â”‚  (file://./node_modules/@storybook/builder-vite/dist/index.js:6238:290)
â”‚  at async Promise.all (index 0)
â”‚  at async buildStaticStandalone
â”‚  (file://./node_modules/storybook/dist/core-server/index.js:5903:7)
â”‚  at async withTelemetry
â”‚  (file://./node_modules/storybook/dist/_node-chunks/chunk-2372JZ52.js:209:12)
â”‚  at async build
â”‚  (file://./node_modules/storybook/dist/bin/core.js:2679:3)
â”‚  at async _Command.<anonymous>
â”‚  (file://./node_modules/storybook/dist/bin/core.js:2819:7)
â”‚
â””  Storybook exited with an error

